2021-06-21 17:13:51,910 INFO  =========== Start: Tests=============== 
[INFO] 2021-06-21 17:13:52,231 [main]   onTestStart - basicAuthTest Started
[INFO] 2021-06-21 17:13:57,064 [main]   onTestFailure - Failed because of - java.lang.AssertionError: expected [2Congratulations! You must have the proper credentials.] but found [Congratulations! You must have the proper credentials.]
[INFO] 2021-06-21 17:13:57,495 [main]   onTestStart - deleteButtonTest Started
[INFO] 2021-06-21 17:13:58,175 [main]   onTestSuccess - deleteButtonTest Passed
[INFO] 2021-06-21 17:13:58,406 [main]   onTestStart - dropDownTest Started
[INFO] 2021-06-21 17:13:58,748 [main]   onTestSuccess - dropDownTest Passed
[INFO] 2021-06-21 17:13:58,969 [main]   onTestStart - loginTest Started
[INFO] 2021-06-21 17:13:59,911 [main]   onTestSuccess - loginTest Passed
[INFO] 2021-06-21 17:14:00,270 [main]   onFinish - =========== Finish: Tests ===============
2021-06-21 17:15:07,407 INFO  =========== Start: Tests=============== 
[INFO] 2021-06-21 17:15:07,692 [main]   onTestStart - basicAuthTest Started
[INFO] 2021-06-21 17:15:12,142 [main]   onTestFailure - Failed because of - java.lang.AssertionError: expected [2Congratulations! You must have the proper credentials.] but found [Congratulations! You must have the proper credentials.]
[INFO] 2021-06-21 17:15:12,641 [main]   onTestStart - deleteButtonTest Started
[INFO] 2021-06-21 17:15:13,329 [main]   onTestSuccess - deleteButtonTest Passed
[INFO] 2021-06-21 17:15:13,580 [main]   onTestStart - dropDownTest Started
[INFO] 2021-06-21 17:15:13,973 [main]   onTestSuccess - dropDownTest Passed
[INFO] 2021-06-21 17:15:14,226 [main]   onTestStart - loginTest Started
[INFO] 2021-06-21 17:15:15,289 [main]   onTestSuccess - loginTest Passed
[INFO] 2021-06-21 17:15:15,638 [main]   onFinish - =========== Finish: Tests ===============
2021-06-21 17:17:01,758 INFO  =========== Start: Tests=============== 
[INFO] 2021-06-21 17:17:02,040 [main]   onTestStart - basicAuthTest Started
[INFO] 2021-06-21 17:17:06,013 [main]   onTestFailure - Failed because of - java.lang.AssertionError: expected [2Congratulations! You must have the proper credentials.] but found [Congratulations! You must have the proper credentials.]
[INFO] 2021-06-21 17:17:06,471 [main]   onTestStart - deleteButtonTest Started
[INFO] 2021-06-21 17:17:07,277 [main]   onTestSuccess - deleteButtonTest Passed
[INFO] 2021-06-21 17:17:07,517 [main]   onTestStart - dropDownTest Started
[INFO] 2021-06-21 17:17:07,866 [main]   onTestSuccess - dropDownTest Passed
[INFO] 2021-06-21 17:17:08,090 [main]   onTestStart - loginTest Started
[INFO] 2021-06-21 17:17:08,999 [main]   onTestSuccess - loginTest Passed
[INFO] 2021-06-21 17:17:09,398 [main]   onFinish - =========== Finish: Tests ===============
2021-06-21 17:23:19,022 INFO  =========== Start: Tests=============== 
[INFO] 2021-06-21 17:23:19,277 [main]   onTestStart - basicAuthTest Started
[INFO] 2021-06-21 17:23:24,880 [main]   onTestFailure - Failed because of - java.lang.AssertionError: expected [2Congratulations! You must have the proper credentials.] but found [Congratulations! You must have the proper credentials.]
[INFO] 2021-06-21 17:23:25,305 [main]   onTestStart - deleteButtonTest Started
[INFO] 2021-06-21 17:23:25,993 [main]   onTestSuccess - deleteButtonTest Passed
[INFO] 2021-06-21 17:23:26,235 [main]   onTestStart - dropDownTest Started
[INFO] 2021-06-21 17:23:26,579 [main]   onTestSuccess - dropDownTest Passed
[INFO] 2021-06-21 17:23:26,797 [main]   onTestStart - loginTest Started
[INFO] 2021-06-21 17:23:28,119 [main]   onTestSuccess - loginTest Passed
[INFO] 2021-06-21 17:23:28,465 [main]   onFinish - =========== Finish: Tests ===============
2021-06-21 17:25:43,899 INFO  =========== Start: Tests=============== 
[INFO] 2021-06-21 17:25:44,193 [main]   onTestStart - basicAuthTest Started
[INFO] 2021-06-21 17:25:48,144 [main]   onTestFailure - Failed because of - java.lang.AssertionError: expected [2Congratulations! You must have the proper credentials.] but found [Congratulations! You must have the proper credentials.]
[INFO] 2021-06-21 17:25:48,587 [main]   onTestStart - deleteButtonTest Started
[INFO] 2021-06-21 17:25:49,261 [main]   onTestSuccess - deleteButtonTest Passed
[INFO] 2021-06-21 17:25:49,500 [main]   onTestStart - dropDownTest Started
[INFO] 2021-06-21 17:25:49,835 [main]   onTestSuccess - dropDownTest Passed
[INFO] 2021-06-21 17:25:50,061 [main]   onTestStart - loginTest Started
[INFO] 2021-06-21 17:25:50,963 [main]   onTestSuccess - loginTest Passed
[INFO] 2021-06-21 17:25:51,346 [main]   onFinish - =========== Finish: Tests ===============
2021-06-21 17:33:19,199 INFO  =========== Start: Tests=============== 
[INFO] 2021-06-21 17:33:19,443 [main]   onTestStart - basicAuthTest Started
[INFO] 2021-06-21 17:33:23,183 [main]   onTestFailure - Failed because of - java.lang.AssertionError: expected [2Congratulations! You must have the proper credentials.] but found [Congratulations! You must have the proper credentials.]
[INFO] 2021-06-21 17:33:23,629 [main]   onTestStart - deleteButtonTest Started
[INFO] 2021-06-21 17:33:24,360 [main]   onTestSuccess - deleteButtonTest Passed
[INFO] 2021-06-21 17:33:24,604 [main]   onTestStart - dropDownTest Started
[INFO] 2021-06-21 17:33:24,933 [main]   onTestSuccess - dropDownTest Passed
[INFO] 2021-06-21 17:33:25,174 [main]   onTestStart - loginTest Started
[INFO] 2021-06-21 17:33:26,074 [main]   onTestSuccess - loginTest Passed
[INFO] 2021-06-21 17:33:26,404 [main]   onFinish - =========== Finish: Tests ===============
2021-06-21 17:34:16,589 INFO  =========== Start: Tests=============== 
[INFO] 2021-06-21 17:34:16,823 [main]   onTestStart - basicAuthTest Started
[INFO] 2021-06-21 17:34:20,618 [main]   onTestFailure - Failed because of - java.lang.AssertionError: expected [2Congratulations! You must have the proper credentials.] but found [Congratulations! You must have the proper credentials.]
[INFO] 2021-06-21 17:34:21,050 [main]   onTestStart - deleteButtonTest Started
[INFO] 2021-06-21 17:34:21,775 [main]   onTestSuccess - deleteButtonTest Passed
[INFO] 2021-06-21 17:34:22,000 [main]   onTestStart - dropDownTest Started
[INFO] 2021-06-21 17:34:22,356 [main]   onTestSuccess - dropDownTest Passed
[INFO] 2021-06-21 17:34:22,583 [main]   onTestStart - loginTest Started
[INFO] 2021-06-21 17:34:23,472 [main]   onTestSuccess - loginTest Passed
[INFO] 2021-06-21 17:34:23,850 [main]   onFinish - =========== Finish: Tests ===============
2021-06-21 17:45:52,170 INFO  =========== Start: Tests=============== 
[INFO] 2021-06-21 17:45:52,412 [main]   onTestStart - basicAuthTest Started
[INFO] 2021-06-21 17:45:57,478 [main]   onTestFailure - Failed because of - java.lang.AssertionError: expected [2Congratulations! You must have the proper credentials.] but found [Congratulations! You must have the proper credentials.]
[INFO] 2021-06-21 17:45:57,979 [main]   onTestStart - deleteButtonTest Started
[INFO] 2021-06-21 17:45:58,682 [main]   onTestSuccess - deleteButtonTest Passed
[INFO] 2021-06-21 17:45:58,932 [main]   onTestStart - dropDownTest Started
[INFO] 2021-06-21 17:45:59,318 [main]   onTestSuccess - dropDownTest Passed
[INFO] 2021-06-21 17:45:59,537 [main]   onTestStart - loginTest Started
[INFO] 2021-06-21 17:46:00,547 [main]   onTestSuccess - loginTest Passed
[INFO] 2021-06-21 17:46:00,884 [main]   onFinish - =========== Finish: Tests ===============
2021-06-21 17:46:08,377 INFO  =========== Start: Tests=============== 
[INFO] 2021-06-21 17:46:08,621 [main]   onTestStart - basicAuthTest Started
[INFO] 2021-06-21 17:46:12,401 [main]   onTestFailure - Failed because of - java.lang.AssertionError: expected [2Congratulations! You must have the proper credentials.] but found [Congratulations! You must have the proper credentials.]
[INFO] 2021-06-21 17:46:12,833 [main]   onTestStart - deleteButtonTest Started
[INFO] 2021-06-21 17:46:13,530 [main]   onTestSuccess - deleteButtonTest Passed
[INFO] 2021-06-21 17:46:13,763 [main]   onTestStart - dropDownTest Started
[INFO] 2021-06-21 17:46:14,098 [main]   onTestSuccess - dropDownTest Passed
[INFO] 2021-06-21 17:46:14,319 [main]   onTestStart - loginTest Started
[INFO] 2021-06-21 17:46:15,216 [main]   onTestSuccess - loginTest Passed
[INFO] 2021-06-21 17:46:15,623 [main]   onFinish - =========== Finish: Tests ===============
2021-06-21 18:04:37,779 INFO  =========== Start: Tests=============== 
[INFO] 2021-06-21 18:04:38,064 [main]   onTestStart - basicAuthTest Started
[INFO] 2021-06-21 18:04:42,581 [main]   onTestFailure - Failed because of - java.lang.AssertionError: expected [2Congratulations! You must have the proper credentials.] but found [Congratulations! You must have the proper credentials.]
[INFO] 2021-06-21 18:04:42,589 [main]   onTestFailure - Failed because of - java.lang.NullPointerException
[INFO] 2021-06-21 18:04:42,589 [main]   onFinish - =========== Finish: Tests ===============
2021-06-21 18:05:05,246 INFO  =========== Start: MyTestFramework=============== 
[INFO] 2021-06-21 18:05:05,466 [main]   onTestStart - basicAuthTest Started
[INFO] 2021-06-21 18:05:11,305 [main]   onTestFailure - Failed because of - java.lang.AssertionError: expected [2Congratulations! You must have the proper credentials.] but found [Congratulations! You must have the proper credentials.]
[INFO] 2021-06-21 18:05:11,313 [main]   onTestFailure - Failed because of - java.lang.NullPointerException
[INFO] 2021-06-21 18:05:11,314 [main]   onFinish - =========== Finish: MyTestFramework ===============
2021-06-21 18:05:56,008 INFO  =========== Start: MyTestFramework=============== 
[INFO] 2021-06-21 18:05:56,255 [main]   onTestStart - basicAuthTest Started
[INFO] 2021-06-21 18:06:00,197 [main]   onTestFailure - Failed because of - java.lang.AssertionError: expected [2Congratulations! You must have the proper credentials.] but found [Congratulations! You must have the proper credentials.]
[INFO] 2021-06-21 18:06:00,204 [main]   onTestFailure - Failed because of - java.lang.NullPointerException
[INFO] 2021-06-21 18:06:00,204 [main]   onFinish - =========== Finish: MyTestFramework ===============
2021-06-21 18:06:22,465 INFO  =========== Start: MyTestFramework=============== 
[INFO] 2021-06-21 18:06:22,682 [main]   onTestStart - basicAuthTest Started
[INFO] 2021-06-21 18:06:26,672 [main]   onTestFailure - Failed because of - java.lang.AssertionError: expected [2Congratulations! You must have the proper credentials.] but found [Congratulations! You must have the proper credentials.]
[INFO] 2021-06-21 18:06:26,678 [main]   onTestFailure - Failed because of - java.lang.NullPointerException
[INFO] 2021-06-21 18:06:26,679 [main]   onFinish - =========== Finish: MyTestFramework ===============
2021-06-21 18:08:34,628 INFO  =========== Start: MyTestFramework=============== 
[INFO] 2021-06-21 18:08:34,850 [main]   onTestStart - basicAuthTest Started
[INFO] 2021-06-21 18:08:38,574 [main]   onTestFailure - Failed because of - java.lang.AssertionError: expected [2Congratulations! You must have the proper credentials.] but found [Congratulations! You must have the proper credentials.]
[INFO] 2021-06-21 18:08:38,580 [main]   onTestFailure - Failed because of - java.lang.NullPointerException
[INFO] 2021-06-21 18:08:38,580 [main]   onFinish - =========== Finish: MyTestFramework ===============
2021-06-21 18:17:07,235 INFO  =========== Start: MyTestFramework=============== 
[INFO] 2021-06-21 18:17:07,476 [main]   onTestStart - basicAuthTest Started
[INFO] 2021-06-21 18:17:11,919 [main]   onTestFailure - Failed because of - java.lang.AssertionError: expected [2Congratulations! You must have the proper credentials.] but found [Congratulations! You must have the proper credentials.]
[INFO] 2021-06-21 18:17:12,591 [main]   onTestStart - deleteButtonTest Started
[INFO] 2021-06-21 18:17:13,287 [main]   onTestSuccess - deleteButtonTest Passed
[INFO] 2021-06-21 18:17:13,519 [main]   onTestStart - dropDownTest Started
[INFO] 2021-06-21 18:17:13,864 [main]   onTestSuccess - dropDownTest Passed
[INFO] 2021-06-21 18:17:14,089 [main]   onTestStart - loginTest Started
[INFO] 2021-06-21 18:17:15,126 [main]   onTestSuccess - loginTest Passed
[INFO] 2021-06-21 18:17:15,519 [main]   onFinish - =========== Finish: MyTestFramework ===============
2021-06-21 18:25:52,066 INFO  =========== Start: MyTestFramework=============== 
[INFO] 2021-06-21 18:25:52,304 [main]   onTestStart - basicAuthTest Started
[INFO] 2021-06-21 18:25:56,112 [main]   onTestFailure - Failed because of - java.lang.AssertionError: expected [2Congratulations! You must have the proper credentials.] but found [Congratulations! You must have the proper credentials.]
[INFO] 2021-06-21 18:25:56,808 [main]   onTestStart - deleteButtonTest Started
[INFO] 2021-06-21 18:25:57,517 [main]   onTestSuccess - deleteButtonTest Passed
[INFO] 2021-06-21 18:25:57,744 [main]   onTestStart - dropDownTest Started
[INFO] 2021-06-21 18:25:58,083 [main]   onTestSuccess - dropDownTest Passed
[INFO] 2021-06-21 18:25:58,313 [main]   onTestStart - loginTest Started
[INFO] 2021-06-21 18:25:59,321 [main]   onTestSuccess - loginTest Passed
[INFO] 2021-06-21 18:25:59,700 [main]   onFinish - =========== Finish: MyTestFramework ===============
